Determining if the pthread_create exist failed with the following output:
Change Dir: /home/ubuntu/ros_ws/build/CMakeFiles/CMakeTmp

Run Build Command:/usr/bin/make "cmTryCompileExec632748897/fast"
/usr/bin/make -f CMakeFiles/cmTryCompileExec632748897.dir/build.make CMakeFiles/cmTryCompileExec632748897.dir/build
make[1]: Entering directory `/home/ubuntu/ros_ws/build/CMakeFiles/CMakeTmp'
/usr/bin/cmake -E cmake_progress_report /home/ubuntu/ros_ws/build/CMakeFiles/CMakeTmp/CMakeFiles 1
Building C object CMakeFiles/cmTryCompileExec632748897.dir/CheckSymbolExists.c.o
/usr/bin/cc    -o CMakeFiles/cmTryCompileExec632748897.dir/CheckSymbolExists.c.o   -c /home/ubuntu/ros_ws/build/CMakeFiles/CMakeTmp/CheckSymbolExists.c
Linking C executable cmTryCompileExec632748897
/usr/bin/cmake -E cmake_link_script CMakeFiles/cmTryCompileExec632748897.dir/link.txt --verbose=1
/usr/bin/cc       CMakeFiles/cmTryCompileExec632748897.dir/CheckSymbolExists.c.o  -o cmTryCompileExec632748897 -rdynamic 
CMakeFiles/cmTryCompileExec632748897.dir/CheckSymbolExists.c.o: In function `main':
CheckSymbolExists.c:(.text+0xe): undefined reference to `pthread_create'
CheckSymbolExists.c:(.text+0x12): undefined reference to `pthread_create'
make[1]: Leaving directory `/home/ubuntu/ros_ws/build/CMakeFiles/CMakeTmp'
collect2: error: ld returned 1 exit status
make[1]: *** [cmTryCompileExec632748897] Error 1
make: *** [cmTryCompileExec632748897/fast] Error 2

File /home/ubuntu/ros_ws/build/CMakeFiles/CMakeTmp/CheckSymbolExists.c:
/* */
#include <pthread.h>

int main(int argc, char** argv)
{
  (void)argv;
#ifndef pthread_create
  return ((int*)(&pthread_create))[argc];
#else
  (void)argc;
  return 0;
#endif
}

Determining if the function pthread_create exists in the pthreads failed with the following output:
Change Dir: /home/ubuntu/ros_ws/build/CMakeFiles/CMakeTmp

Run Build Command:/usr/bin/make "cmTryCompileExec2124700149/fast"
/usr/bin/make -f CMakeFiles/cmTryCompileExec2124700149.dir/build.make CMakeFiles/cmTryCompileExec2124700149.dir/build
make[1]: Entering directory `/home/ubuntu/ros_ws/build/CMakeFiles/CMakeTmp'
/usr/bin/cmake -E cmake_progress_report /home/ubuntu/ros_ws/build/CMakeFiles/CMakeTmp/CMakeFiles 1
Building C object CMakeFiles/cmTryCompileExec2124700149.dir/CheckFunctionExists.c.o
/usr/bin/cc   -DCHECK_FUNCTION_EXISTS=pthread_create   -o CMakeFiles/cmTryCompileExec2124700149.dir/CheckFunctionExists.c.o   -c /usr/share/cmake-2.8/Modules/CheckFunctionExists.c
Linking C executable cmTryCompileExec2124700149
/usr/bin/cmake -E cmake_link_script CMakeFiles/cmTryCompileExec2124700149.dir/link.txt --verbose=1
/usr/bin/cc   -DCHECK_FUNCTION_EXISTS=pthread_create    CMakeFiles/cmTryCompileExec2124700149.dir/CheckFunctionExists.c.o  -o cmTryCompileExec2124700149 -rdynamic -lpthreads 
/usr/bin/ld: cannot find -lpthreads
make[1]: Leaving directory `/home/ubuntu/ros_ws/build/CMakeFiles/CMakeTmp'
collect2: error: ld returned 1 exit status
make[1]: *** [cmTryCompileExec2124700149] Error 1
make: *** [cmTryCompileExec2124700149/fast] Error 2


